<?xml version="1.0" encoding="UTF-8"?>
<!-- Generated by org.testng.reporters.JUnitReportReporter -->
<testsuite hostname="DESKTOP-HGRUTME" failures="0" tests="5" name="chromeGrid.GridChromeParallalTest" time="205.252" errors="0" timestamp="05 Jul 2020 06:53:18 GMT" skipped="0">
  <testcase classname="chromeGrid.GridChromeParallalTest" name="Test4" time="32.838"/>
  <testcase classname="chromeGrid.GridChromeParallalTest" name="Test1" time="34.933"/>
  <testcase classname="chromeGrid.GridChromeParallalTest" name="Test2" time="30.983"/>
  <testcase classname="chromeGrid.GridChromeParallalTest" name="Test3" time="44.841"/>
  <testcase classname="chromeGrid.GridChromeParallalTest" name="Test5" time="61.657"/>
</testsuite> <!-- chromeGrid.GridChromeParallalTest -->
