<?xml version="1.0" encoding="UTF-8"?>
<!-- Generated by org.testng.reporters.JUnitReportReporter -->
<testsuite hostname="DESKTOP-HGRUTME" failures="0" tests="1" name="chromeGrid.GridChromeTest" time="18.611" errors="0" timestamp="05 Jul 2020 06:13:00 GMT" skipped="0">
  <testcase classname="chromeGrid.GridChromeTest" name="verifygrid" time="18.611"/>
</testsuite> <!-- chromeGrid.GridChromeTest -->
